<?xml version="1.0" encoding="UTF-8"?>
<!-- Generated by org.testng.reporters.JUnitReportReporter -->
<testsuite hostname="DESKTOP-M0NP7I2" failures="0" tests="2" name="Runner.RunnerFile" time="9.231" errors="2" timestamp="2025-01-05T00:15:45 IST" skipped="0">
  <testcase classname="Runner.RunnerFile" name="runScenario" time="2.540">
    <error message="Cannot invoke &quot;String.hashCode()&quot; because &quot;BaseClass.Basics.Env&quot; is null" type="java.lang.NullPointerException">
      <![CDATA[java.lang.NullPointerException: Cannot invoke "String.hashCode()" because "BaseClass.Basics.Env" is null
at BaseClass.Basics.Env_select(Basics.java:40)
at BaseClass.Basics.application_launch(Basics.java:61)
at Step_Definations.screenshot.user_is_on_login_page1(screenshot.java:17)
at ✽.user is on login page1(file:///C:/Users/USER/eclipse-workspace/RTOS/Features/screenshotandreports.feature:7)
]]>
    </error>
  </testcase> <!-- runScenario -->
  <system-out/>
  <testcase classname="Runner.RunnerFile" name="runScenario" time="6.691">
    <error message="Cannot invoke &quot;String.hashCode()&quot; because &quot;BaseClass.Basics.Env&quot; is null" type="java.lang.NullPointerException">
      <![CDATA[java.lang.NullPointerException: Cannot invoke "String.hashCode()" because "BaseClass.Basics.Env" is null
at BaseClass.Basics.Env_select(Basics.java:40)
at BaseClass.Basics.application_launch(Basics.java:61)
at Step_Definations.screenshot.user_is_on_login_page1(screenshot.java:17)
at ✽.user is on login page1(file:///C:/Users/USER/eclipse-workspace/RTOS/Features/screenshotandreports.feature:7)
]]>
    </error>
  </testcase> <!-- runScenario -->
  <system-out/>
</testsuite> <!-- Runner.RunnerFile -->
